<?xml version="1.0" encoding="UTF-8"?>
<!-- Generated by org.testng.reporters.JUnitReportReporter -->
<testsuite hostname="Shubham" failures="0" tests="1" name="Module1LoginTest.SwaglabsloginTest" time="8.838" errors="0" timestamp="2024-12-20T21:21:12 IST" skipped="0">
  <testcase classname="Module1LoginTest.SwaglabsloginTest" name="homePageLogo" time="8.838"/>
</testsuite> <!-- Module1LoginTest.SwaglabsloginTest -->
